1565200260814	mozrunner::runner	INFO	Running command: "/usr/bin/firefox" "-marionette" "-foreground" "-no-remote" "-profile" "/tmp/rust_mozprofile.VuTxx4Yiy69Y"
1565200266465	addons.webextension.screenshots@mozilla.org	WARN	Loading extension 'screenshots@mozilla.org': Reading manifest: Invalid extension permission: mozillaAddons
1565200266465	addons.webextension.screenshots@mozilla.org	WARN	Loading extension 'screenshots@mozilla.org': Reading manifest: Invalid extension permission: resource://pdf.js/
1565200266465	addons.webextension.screenshots@mozilla.org	WARN	Loading extension 'screenshots@mozilla.org': Reading manifest: Invalid extension permission: about:reader*
1565200272781	Marionette	INFO	Listening on port 42435
1565200272879	Marionette	WARN	TLS certificate errors will be ignored for this session
JavaScript error: https://api.ipify.org/?format=jsonp&callback=getIP, line 1: ReferenceError: getIP is not defined
1565200370974	mozrunner::runner	INFO	Running command: "/usr/bin/firefox" "-marionette" "-foreground" "-no-remote" "-profile" "/tmp/rust_mozprofile.ZVHtaOiOVCJO"
1565200371400	addons.webextension.screenshots@mozilla.org	WARN	Loading extension 'screenshots@mozilla.org': Reading manifest: Invalid extension permission: mozillaAddons
1565200371400	addons.webextension.screenshots@mozilla.org	WARN	Loading extension 'screenshots@mozilla.org': Reading manifest: Invalid extension permission: resource://pdf.js/
1565200371400	addons.webextension.screenshots@mozilla.org	WARN	Loading extension 'screenshots@mozilla.org': Reading manifest: Invalid extension permission: about:reader*
1565200374072	Marionette	INFO	Listening on port 36057
1565200374134	Marionette	WARN	TLS certificate errors will be ignored for this session
JavaScript error: https://api.ipify.org/?format=jsonp&callback=getIP, line 1: ReferenceError: getIP is not defined
[Parent 31744, Gecko_IOThread] WARNING: pipe error (100): Conexão fechada pela outra ponta: file /build/firefox-N_WZtD/firefox-67.0.2+build2/ipc/chromium/src/chrome/common/ipc_channel_posix.cc, line 357
[Parent 31744, Gecko_IOThread] WARNING: pipe error (81): Conexão fechada pela outra ponta: file /build/firefox-N_WZtD/firefox-67.0.2+build2/ipc/chromium/src/chrome/common/ipc_channel_posix.cc, line 357
1565200404534	Marionette	INFO	Stopped listening on port 36057
[Parent 31242, Gecko_IOThread] WARNING: pipe error (74): Conexão fechada pela outra ponta: file /build/firefox-N_WZtD/firefox-67.0.2+build2/ipc/chromium/src/chrome/common/ipc_channel_posix.cc, line 357
[Parent 31242, Gecko_IOThread] WARNING: pipe error (84): Conexão fechada pela outra ponta: file /build/firefox-N_WZtD/firefox-67.0.2+build2/ipc/chromium/src/chrome/common/ipc_channel_posix.cc, line 357
1565200406248	Marionette	INFO	Stopped listening on port 42435
1565200408460	mozrunner::runner	INFO	Running command: "/usr/bin/firefox" "-marionette" "-foreground" "-no-remote" "-profile" "/tmp/rust_mozprofile.pWvLTh7i9WM0"
1565200408865	addons.webextension.screenshots@mozilla.org	WARN	Loading extension 'screenshots@mozilla.org': Reading manifest: Invalid extension permission: mozillaAddons
1565200408865	addons.webextension.screenshots@mozilla.org	WARN	Loading extension 'screenshots@mozilla.org': Reading manifest: Invalid extension permission: resource://pdf.js/
1565200408865	addons.webextension.screenshots@mozilla.org	WARN	Loading extension 'screenshots@mozilla.org': Reading manifest: Invalid extension permission: about:reader*
1565200411768	Marionette	INFO	Listening on port 40705
1565200411868	Marionette	WARN	TLS certificate errors will be ignored for this session
JavaScript error: https://api.ipify.org/?format=jsonp&callback=getIP, line 1: ReferenceError: getIP is not defined
console.error: BroadcastService: 
  receivedBroadcastMessage: handler for
  remote-settings/monitor_changes
  threw error:
  Message: Error: Polling for changes failed: http://%(server)s/dummy/blocklist//buckets/monitor/collections/changes/records?_expected=%221565181472444%22 is not a valid URL..
  Stack:
    remoteSettingsFunction/remoteSettings.pollChanges@resource://services-settings/remote-settings.js:203:13

1565200593668	mozrunner::runner	INFO	Running command: "/usr/bin/firefox" "-marionette" "-foreground" "-no-remote" "-profile" "/tmp/rust_mozprofile.hZFakxfw0u6n"
1565200594083	addons.webextension.screenshots@mozilla.org	WARN	Loading extension 'screenshots@mozilla.org': Reading manifest: Invalid extension permission: mozillaAddons
1565200594083	addons.webextension.screenshots@mozilla.org	WARN	Loading extension 'screenshots@mozilla.org': Reading manifest: Invalid extension permission: resource://pdf.js/
1565200594083	addons.webextension.screenshots@mozilla.org	WARN	Loading extension 'screenshots@mozilla.org': Reading manifest: Invalid extension permission: about:reader*
1565200596841	Marionette	INFO	Listening on port 37551
1565200596905	Marionette	WARN	TLS certificate errors will be ignored for this session
JavaScript error: https://api.ipify.org/?format=jsonp&callback=getIP, line 1: ReferenceError: getIP is not defined
console.error: BroadcastService: 
  receivedBroadcastMessage: handler for
  remote-settings/monitor_changes
  threw error:
  Message: Error: Polling for changes failed: http://%(server)s/dummy/blocklist//buckets/monitor/collections/changes/records?_expected=%221565181472444%22 is not a valid URL..
  Stack:
    remoteSettingsFunction/remoteSettings.pollChanges@resource://services-settings/remote-settings.js:203:13

JavaScript error: https://api.ipify.org/?format=jsonp&callback=getIP, line 1: ReferenceError: getIP is not defined
1565200662148	Marionette	INFO	Stopped listening on port 37551
[Parent 32065, Gecko_IOThread] WARNING: pipe error (81): Conexão fechada pela outra ponta: file /build/firefox-N_WZtD/firefox-67.0.2+build2/ipc/chromium/src/chrome/common/ipc_channel_posix.cc, line 357
[Parent 32065, Gecko_IOThread] WARNING: pipe error (100): Conexão fechada pela outra ponta: file /build/firefox-N_WZtD/firefox-67.0.2+build2/ipc/chromium/src/chrome/common/ipc_channel_posix.cc, line 357
1565200664733	Marionette	INFO	Stopped listening on port 40705
1565200668044	mozrunner::runner	INFO	Running command: "/usr/bin/firefox" "-marionette" "-foreground" "-no-remote" "-profile" "/tmp/rust_mozprofile.K65qCZ7dlrzz"
1565200668431	addons.webextension.screenshots@mozilla.org	WARN	Loading extension 'screenshots@mozilla.org': Reading manifest: Invalid extension permission: mozillaAddons
1565200668431	addons.webextension.screenshots@mozilla.org	WARN	Loading extension 'screenshots@mozilla.org': Reading manifest: Invalid extension permission: resource://pdf.js/
1565200668431	addons.webextension.screenshots@mozilla.org	WARN	Loading extension 'screenshots@mozilla.org': Reading manifest: Invalid extension permission: about:reader*
1565200671077	Marionette	INFO	Listening on port 34009
1565200671153	Marionette	WARN	TLS certificate errors will be ignored for this session
JavaScript error: https://api.ipify.org/?format=jsonp&callback=getIP, line 1: ReferenceError: getIP is not defined
[Parent 494, Gecko_IOThread] WARNING: pipe error (81): Conexão fechada pela outra ponta: file /build/firefox-N_WZtD/firefox-67.0.2+build2/ipc/chromium/src/chrome/common/ipc_channel_posix.cc, line 357
[Parent 494, Gecko_IOThread] WARNING: pipe error (98): Conexão fechada pela outra ponta: file /build/firefox-N_WZtD/firefox-67.0.2+build2/ipc/chromium/src/chrome/common/ipc_channel_posix.cc, line 357
1565200727632	Marionette	INFO	Stopped listening on port 34009
1565200803252	mozrunner::runner	INFO	Running command: "/usr/bin/firefox" "-marionette" "-foreground" "-no-remote" "-profile" "/tmp/rust_mozprofile.bgzmRtGe5nqp"
1565200803640	addons.webextension.screenshots@mozilla.org	WARN	Loading extension 'screenshots@mozilla.org': Reading manifest: Invalid extension permission: mozillaAddons
1565200803640	addons.webextension.screenshots@mozilla.org	WARN	Loading extension 'screenshots@mozilla.org': Reading manifest: Invalid extension permission: resource://pdf.js/
1565200803677	addons.webextension.screenshots@mozilla.org	WARN	Loading extension 'screenshots@mozilla.org': Reading manifest: Invalid extension permission: about:reader*
1565200806546	Marionette	INFO	Listening on port 45253
1565200806567	Marionette	WARN	TLS certificate errors will be ignored for this session
JavaScript error: https://api.ipify.org/?format=jsonp&callback=getIP, line 1: ReferenceError: getIP is not defined
[Parent 978, Gecko_IOThread] WARNING: pipe error (81): Conexão fechada pela outra ponta: file /build/firefox-N_WZtD/firefox-67.0.2+build2/ipc/chromium/src/chrome/common/ipc_channel_posix.cc, line 357
[Parent 978, Gecko_IOThread] WARNING: pipe error (100): Conexão fechada pela outra ponta: file /build/firefox-N_WZtD/firefox-67.0.2+build2/ipc/chromium/src/chrome/common/ipc_channel_posix.cc, line 357
1565200849901	Marionette	INFO	Stopped listening on port 45253
1565200851143	mozrunner::runner	INFO	Running command: "/usr/bin/firefox" "-marionette" "-foreground" "-no-remote" "-profile" "/tmp/rust_mozprofile.pNt68gPcIF75"
1565200851558	addons.webextension.screenshots@mozilla.org	WARN	Loading extension 'screenshots@mozilla.org': Reading manifest: Invalid extension permission: mozillaAddons
1565200851558	addons.webextension.screenshots@mozilla.org	WARN	Loading extension 'screenshots@mozilla.org': Reading manifest: Invalid extension permission: resource://pdf.js/
1565200851558	addons.webextension.screenshots@mozilla.org	WARN	Loading extension 'screenshots@mozilla.org': Reading manifest: Invalid extension permission: about:reader*
1565200854041	Marionette	INFO	Listening on port 43703
1565200854123	Marionette	WARN	TLS certificate errors will be ignored for this session
JavaScript error: https://api.ipify.org/?format=jsonp&callback=getIP, line 1: ReferenceError: getIP is not defined
console.error: BroadcastService: 
  receivedBroadcastMessage: handler for
  remote-settings/monitor_changes
  threw error:
  Message: Error: Polling for changes failed: http://%(server)s/dummy/blocklist//buckets/monitor/collections/changes/records?_expected=%221565181472444%22 is not a valid URL..
  Stack:
    remoteSettingsFunction/remoteSettings.pollChanges@resource://services-settings/remote-settings.js:203:13

IPDL protocol error: Handler returned error code!

###!!! [Parent][DispatchAsyncMessage] Error: PLayerTransaction::Msg_ReleaseLayer Processing error: message was deserialized, but the handler returned false (indicating failure)

console.warn: "Error while detaching the thread front: 'detach' request packet to 'server1.conn0.child1/context19' can't be sent as the connection is closed."
[Parent 1404, Gecko_IOThread] WARNING: pipe error (81): Conexão fechada pela outra ponta: file /build/firefox-N_WZtD/firefox-67.0.2+build2/ipc/chromium/src/chrome/common/ipc_channel_posix.cc, line 357
[Parent 1404, Gecko_IOThread] WARNING: pipe error (100): Conexão fechada pela outra ponta: file /build/firefox-N_WZtD/firefox-67.0.2+build2/ipc/chromium/src/chrome/common/ipc_channel_posix.cc, line 357
1565201111293	Marionette	INFO	Stopped listening on port 43703
1565201116225	mozrunner::runner	INFO	Running command: "/usr/bin/firefox" "-marionette" "-foreground" "-no-remote" "-profile" "/tmp/rust_mozprofile.AOB2e05s1pjA"
1565201116622	addons.webextension.screenshots@mozilla.org	WARN	Loading extension 'screenshots@mozilla.org': Reading manifest: Invalid extension permission: mozillaAddons
1565201116623	addons.webextension.screenshots@mozilla.org	WARN	Loading extension 'screenshots@mozilla.org': Reading manifest: Invalid extension permission: resource://pdf.js/
1565201116623	addons.webextension.screenshots@mozilla.org	WARN	Loading extension 'screenshots@mozilla.org': Reading manifest: Invalid extension permission: about:reader*
1565201119155	Marionette	INFO	Listening on port 44861
1565201119237	Marionette	WARN	TLS certificate errors will be ignored for this session
JavaScript error: https://api.ipify.org/?format=jsonp&callback=getIP, line 1: ReferenceError: getIP is not defined
Exiting due to channel error.
Exiting due to channel error.
Exiting due to channel error.
1565201195887	mozrunner::runner	INFO	Running command: "/usr/bin/firefox" "-marionette" "-foreground" "-no-remote" "-profile" "/tmp/rust_mozprofile.dkxnEDVvXkFf"
1565201196273	addons.webextension.screenshots@mozilla.org	WARN	Loading extension 'screenshots@mozilla.org': Reading manifest: Invalid extension permission: mozillaAddons
1565201196273	addons.webextension.screenshots@mozilla.org	WARN	Loading extension 'screenshots@mozilla.org': Reading manifest: Invalid extension permission: resource://pdf.js/
1565201196273	addons.webextension.screenshots@mozilla.org	WARN	Loading extension 'screenshots@mozilla.org': Reading manifest: Invalid extension permission: about:reader*
1565201198912	Marionette	INFO	Listening on port 41193
1565201198999	Marionette	WARN	TLS certificate errors will be ignored for this session
JavaScript error: https://api.ipify.org/?format=jsonp&callback=getIP, line 1: ReferenceError: getIP is not defined
Exiting due to channel error.
Exiting due to channel error.
Exiting due to channel error.
1565201277821	mozrunner::runner	INFO	Running command: "/usr/bin/firefox" "-marionette" "-foreground" "-no-remote" "-profile" "/tmp/rust_mozprofile.XdxUSbVWsJMN"
1565201278199	addons.webextension.screenshots@mozilla.org	WARN	Loading extension 'screenshots@mozilla.org': Reading manifest: Invalid extension permission: mozillaAddons
1565201278199	addons.webextension.screenshots@mozilla.org	WARN	Loading extension 'screenshots@mozilla.org': Reading manifest: Invalid extension permission: resource://pdf.js/
1565201278199	addons.webextension.screenshots@mozilla.org	WARN	Loading extension 'screenshots@mozilla.org': Reading manifest: Invalid extension permission: about:reader*
1565201280834	Marionette	INFO	Listening on port 36217
1565201280928	Marionette	WARN	TLS certificate errors will be ignored for this session
JavaScript error: https://api.ipify.org/?format=jsonp&callback=getIP, line 1: ReferenceError: getIP is not defined
Exiting due to channel error.
Exiting due to channel error.
Exiting due to channel error.
1565201518331	mozrunner::runner	INFO	Running command: "/usr/bin/firefox" "-marionette" "-foreground" "-no-remote" "-profile" "/tmp/rust_mozprofile.Ctk2lXGl3qFu"
1565201518717	addons.webextension.screenshots@mozilla.org	WARN	Loading extension 'screenshots@mozilla.org': Reading manifest: Invalid extension permission: mozillaAddons
1565201518717	addons.webextension.screenshots@mozilla.org	WARN	Loading extension 'screenshots@mozilla.org': Reading manifest: Invalid extension permission: resource://pdf.js/
1565201518717	addons.webextension.screenshots@mozilla.org	WARN	Loading extension 'screenshots@mozilla.org': Reading manifest: Invalid extension permission: about:reader*
1565201521232	Marionette	INFO	Listening on port 44119
1565201521305	Marionette	WARN	TLS certificate errors will be ignored for this session
JavaScript error: https://api.ipify.org/?format=jsonp&callback=getIP, line 1: ReferenceError: getIP is not defined
1565201529793	Marionette	INFO	Stopped listening on port 44119
1565201758653	mozrunner::runner	INFO	Running command: "/usr/bin/firefox" "-marionette" "-foreground" "-no-remote" "-profile" "/tmp/rust_mozprofile.qDtxAPXZaclE"
1565201759047	addons.webextension.screenshots@mozilla.org	WARN	Loading extension 'screenshots@mozilla.org': Reading manifest: Invalid extension permission: mozillaAddons
1565201759048	addons.webextension.screenshots@mozilla.org	WARN	Loading extension 'screenshots@mozilla.org': Reading manifest: Invalid extension permission: resource://pdf.js/
1565201759048	addons.webextension.screenshots@mozilla.org	WARN	Loading extension 'screenshots@mozilla.org': Reading manifest: Invalid extension permission: about:reader*
1565201761542	Marionette	INFO	Listening on port 38131
1565201761624	Marionette	WARN	TLS certificate errors will be ignored for this session
JavaScript error: https://api.ipify.org/?format=jsonp&callback=getIP, line 1: ReferenceError: getIP is not defined
console.error: BroadcastService: 
  receivedBroadcastMessage: handler for
  remote-settings/monitor_changes
  threw error:
  Message: Error: Polling for changes failed: http://%(server)s/dummy/blocklist//buckets/monitor/collections/changes/records?_expected=%221565181472444%22 is not a valid URL..
  Stack:
    remoteSettingsFunction/remoteSettings.pollChanges@resource://services-settings/remote-settings.js:203:13

1565201960649	mozrunner::runner	INFO	Running command: "/usr/bin/firefox" "-marionette" "-foreground" "-no-remote" "-profile" "/tmp/rust_mozprofile.IcWR5bqWap1Y"
1565201961065	addons.webextension.screenshots@mozilla.org	WARN	Loading extension 'screenshots@mozilla.org': Reading manifest: Invalid extension permission: mozillaAddons
1565201961065	addons.webextension.screenshots@mozilla.org	WARN	Loading extension 'screenshots@mozilla.org': Reading manifest: Invalid extension permission: resource://pdf.js/
1565201961065	addons.webextension.screenshots@mozilla.org	WARN	Loading extension 'screenshots@mozilla.org': Reading manifest: Invalid extension permission: about:reader*
1565201963870	Marionette	INFO	Listening on port 45591
1565201963963	Marionette	WARN	TLS certificate errors will be ignored for this session
JavaScript error: https://api.ipify.org/?format=jsonp&callback=getIP, line 1: ReferenceError: getIP is not defined
console.error: BroadcastService: 
  receivedBroadcastMessage: handler for
  remote-settings/monitor_changes
  threw error:
  Message: Error: Polling for changes failed: http://%(server)s/dummy/blocklist//buckets/monitor/collections/changes/records?_expected=%221565181472444%22 is not a valid URL..
  Stack:
    remoteSettingsFunction/remoteSettings.pollChanges@resource://services-settings/remote-settings.js:203:13

Exiting due to channel error.
Exiting due to channel error.
Exiting due to channel error.
1565202021690	mozrunner::runner	INFO	Running command: "/usr/bin/firefox" "-marionette" "-foreground" "-no-remote" "-profile" "/tmp/rust_mozprofile.j50URm747Kh6"
1565202022128	addons.webextension.screenshots@mozilla.org	WARN	Loading extension 'screenshots@mozilla.org': Reading manifest: Invalid extension permission: mozillaAddons
1565202022128	addons.webextension.screenshots@mozilla.org	WARN	Loading extension 'screenshots@mozilla.org': Reading manifest: Invalid extension permission: resource://pdf.js/
1565202022128	addons.webextension.screenshots@mozilla.org	WARN	Loading extension 'screenshots@mozilla.org': Reading manifest: Invalid extension permission: about:reader*
1565202024985	Marionette	INFO	Listening on port 46125
1565202025063	Marionette	WARN	TLS certificate errors will be ignored for this session
JavaScript error: https://api.ipify.org/?format=jsonp&callback=getIP, line 1: ReferenceError: getIP is not defined
console.error: BroadcastService: 
  receivedBroadcastMessage: handler for
  remote-settings/monitor_changes
  threw error:
  Message: Error: Polling for changes failed: http://%(server)s/dummy/blocklist//buckets/monitor/collections/changes/records?_expected=%221565181472444%22 is not a valid URL..
  Stack:
    remoteSettingsFunction/remoteSettings.pollChanges@resource://services-settings/remote-settings.js:203:13

